TN:
SF:src/js/cookieBanner.js
FN:3,hasConsent
FN:7,setConsent
FN:11,clearConsent
FN:16,(anonymous_3)
FN:22,(anonymous_4)
FN:29,(anonymous_5)
FN:30,(anonymous_6)
FN:33,(anonymous_7)
FNF:8
FNH:8
FNDA:5,hasConsent
FNDA:6,setConsent
FNDA:1,clearConsent
FNDA:5,(anonymous_3)
FNDA:5,(anonymous_4)
FNDA:1,(anonymous_5)
FNDA:1,(anonymous_6)
FNDA:2,(anonymous_7)
DA:1,1
DA:4,5
DA:8,6
DA:12,1
DA:17,5
DA:18,5
DA:19,5
DA:23,5
DA:24,4
DA:25,1
DA:26,1
DA:28,3
DA:29,3
DA:30,3
DA:34,2
DA:35,2
LF:16
LH:16
BRDA:23,0,0,1
BRDA:23,0,1,4
BRDA:24,1,0,1
BRDA:24,1,1,3
BRF:4
BRH:4
end_of_record
TN:
SF:src/js/i18n.js
FN:60,getLang
FN:65,setLang
FN:71,t
FN:76,applyTranslations
FN:79,(anonymous_4)
FN:83,(anonymous_5)
FN:87,(anonymous_6)
FN:93,toggleLang
FNF:8
FNH:8
FNDA:4,getLang
FNDA:6,setLang
FNDA:19,t
FNDA:5,applyTranslations
FNDA:5,(anonymous_4)
FNDA:5,(anonymous_5)
FNDA:5,(anonymous_6)
FNDA:2,toggleLang
DA:1,1
DA:56,1
DA:57,1
DA:58,1
DA:61,4
DA:62,4
DA:66,6
DA:67,5
DA:68,5
DA:72,19
DA:73,19
DA:77,5
DA:78,5
DA:79,5
DA:80,5
DA:81,5
DA:83,5
DA:84,5
DA:85,5
DA:87,5
DA:88,5
DA:89,5
DA:94,2
DA:95,2
DA:96,2
DA:97,2
LF:26
LH:26
BRDA:61,0,0,4
BRDA:61,0,1,0
BRDA:62,1,0,3
BRDA:62,1,1,1
BRDA:66,2,0,1
BRDA:66,2,1,5
BRDA:67,3,0,5
BRDA:67,3,1,0
BRDA:71,4,0,0
BRDA:72,5,0,19
BRDA:72,5,1,1
BRDA:73,6,0,19
BRDA:73,6,1,1
BRDA:76,7,0,0
BRDA:77,8,0,0
BRDA:77,8,1,5
BRDA:94,9,0,1
BRDA:94,9,1,1
BRF:18
BRH:13
end_of_record
TN:
SF:src/js/storage.js
FN:3,(anonymous_0)
FN:7,(anonymous_1)
FN:11,(anonymous_2)
FN:15,(anonymous_3)
FN:19,(anonymous_4)
FN:20,(anonymous_5)
FNF:6
FNH:6
FNDA:6,(anonymous_0)
FNDA:2,(anonymous_1)
FNDA:5,(anonymous_2)
FNDA:1,(anonymous_3)
FNDA:2,(anonymous_4)
FNDA:4,(anonymous_5)
DA:4,6
DA:8,2
DA:12,5
DA:16,1
DA:20,4
DA:21,2
LF:6
LH:6
BRDA:4,0,0,6
BRDA:4,0,1,1
BRDA:8,1,0,2
BRDA:8,1,1,1
BRF:4
BRH:4
end_of_record
TN:
SF:src/js/utils.js
FN:1,validateTitle
FN:6,filterByTitle
FN:10,(anonymous_2)
FN:16,sortProducts
FN:21,(anonymous_4)
FN:23,(anonymous_5)
FN:25,(anonymous_6)
FN:29,(anonymous_7)
FN:37,createProduct
FN:37,(anonymous_9)
FN:47,findCategoryByTitle
FN:49,(anonymous_11)
FNF:12
FNH:11
FNDA:10,validateTitle
FNDA:6,filterByTitle
FNDA:10,(anonymous_2)
FNDA:6,sortProducts
FNDA:3,(anonymous_4)
FNDA:3,(anonymous_5)
FNDA:2,(anonymous_6)
FNDA:2,(anonymous_7)
FNDA:4,createProduct
FNDA:0,(anonymous_9)
FNDA:3,findCategoryByTitle
FNDA:3,(anonymous_11)
DA:2,10
DA:3,7
DA:7,6
DA:8,4
DA:9,4
DA:10,2
DA:11,10
DA:17,6
DA:18,5
DA:19,5
DA:21,3
DA:23,3
DA:25,1
DA:26,2
DA:29,1
DA:30,2
DA:33,1
DA:37,0
DA:38,4
DA:48,3
DA:49,3
LF:21
LH:20
BRDA:1,0,0,8
BRDA:2,1,0,3
BRDA:2,1,1,7
BRDA:7,2,0,2
BRDA:7,2,1,4
BRDA:8,3,0,4
BRDA:8,3,1,1
BRDA:9,4,0,2
BRDA:9,4,1,2
BRDA:11,5,0,10
BRDA:11,5,1,8
BRDA:17,6,0,1
BRDA:17,6,1,5
BRDA:19,7,0,1
BRDA:19,7,1,1
BRDA:19,7,2,1
BRDA:19,7,3,1
BRDA:19,7,4,1
BRDA:37,8,0,0
BRDA:41,9,0,4
BRDA:41,9,1,3
BRDA:42,10,0,4
BRDA:42,10,1,3
BRDA:43,11,0,4
BRDA:43,11,1,3
BRDA:48,12,0,1
BRDA:48,12,1,2
BRF:27
BRH:26
end_of_record
